ansible 2.10.9
  config file = None
  configured module search path = ['/root/.ansible/plugins/modules', '/usr/share/ansible/plugins/modules']
  ansible python module location = /usr/local/lib/python3.6/site-packages/ansible
  executable location = /usr/local/bin/ansible
  python version = 3.6.8 (default, Nov 16 2020, 16:55:22) [GCC 4.8.5 20150623 (Red Hat 4.8.5-44)]
No config file found; using defaults
setting up inventory plugins
host_list declined parsing /home/devops/devops-may-2021/Day3/Ansible/hosts as it did not pass its verify_file() method
script declined parsing /home/devops/devops-may-2021/Day3/Ansible/hosts as it did not pass its verify_file() method
auto declined parsing /home/devops/devops-may-2021/Day3/Ansible/hosts as it did not pass its verify_file() method
Parsed /home/devops/devops-may-2021/Day3/Ansible/hosts inventory source with ini plugin
Loading callback plugin minimal of type stdout, v2.0 from /usr/local/lib/python3.6/site-packages/ansible/plugins/callback/minimal.py
Skipping callback 'default', as we already have a stdout callback.
Skipping callback 'minimal', as we already have a stdout callback.
Skipping callback 'oneline', as we already have a stdout callback.
META: ran handlers
<localhost> ESTABLISH SSH CONNECTION FOR USER: root
<localhost> SSH: EXEC ssh -vvv -C -o ControlMaster=auto -o ControlPersist=60s -o Port=2001 -o 'IdentityFile="/root/.ssh/id_rsa"' -o KbdInteractiveAuthentication=no -o PreferredAuthentications=gssapi-with-mic,gssapi-keyex,hostbased,publickey -o PasswordAuthentication=no -o 'User="root"' -o ConnectTimeout=10 -o ControlPath=/root/.ansible/cp/69ebd5c64d localhost '/bin/sh -c '"'"'echo ~root && sleep 0'"'"''
<localhost> (0, b'/root\n', b'OpenSSH_7.4p1, OpenSSL 1.0.2k-fips  26 Jan 2017\r\ndebug1: Reading configuration data /etc/ssh/ssh_config\r\ndebug1: /etc/ssh/ssh_config line 58: Applying options for *\r\ndebug1: auto-mux: Trying existing master\r\ndebug2: fd 3 setting O_NONBLOCK\r\ndebug2: mux_client_hello_exchange: master version 4\r\ndebug3: mux_client_forwards: request forwardings: 0 local, 0 remote\r\ndebug3: mux_client_request_session: entering\r\ndebug3: mux_client_request_alive: entering\r\ndebug3: mux_client_request_alive: done pid = 10403\r\ndebug3: mux_client_request_session: session request sent\r\ndebug1: mux_client_request_session: master session id: 2\r\ndebug3: mux_client_read_packet: read header failed: Broken pipe\r\ndebug2: Received exit status from master 0\r\n')
<localhost> ESTABLISH SSH CONNECTION FOR USER: root
<localhost> SSH: EXEC ssh -vvv -C -o ControlMaster=auto -o ControlPersist=60s -o Port=2001 -o 'IdentityFile="/root/.ssh/id_rsa"' -o KbdInteractiveAuthentication=no -o PreferredAuthentications=gssapi-with-mic,gssapi-keyex,hostbased,publickey -o PasswordAuthentication=no -o 'User="root"' -o ConnectTimeout=10 -o ControlPath=/root/.ansible/cp/69ebd5c64d localhost '/bin/sh -c '"'"'( umask 77 && mkdir -p "` echo /root/.ansible/tmp `"&& mkdir "` echo /root/.ansible/tmp/ansible-tmp-1621425775.1453109-10550-246098646878620 `" && echo ansible-tmp-1621425775.1453109-10550-246098646878620="` echo /root/.ansible/tmp/ansible-tmp-1621425775.1453109-10550-246098646878620 `" ) && sleep 0'"'"''
<localhost> (0, b'ansible-tmp-1621425775.1453109-10550-246098646878620=/root/.ansible/tmp/ansible-tmp-1621425775.1453109-10550-246098646878620\n', b'OpenSSH_7.4p1, OpenSSL 1.0.2k-fips  26 Jan 2017\r\ndebug1: Reading configuration data /etc/ssh/ssh_config\r\ndebug1: /etc/ssh/ssh_config line 58: Applying options for *\r\ndebug1: auto-mux: Trying existing master\r\ndebug2: fd 3 setting O_NONBLOCK\r\ndebug2: mux_client_hello_exchange: master version 4\r\ndebug3: mux_client_forwards: request forwardings: 0 local, 0 remote\r\ndebug3: mux_client_request_session: entering\r\ndebug3: mux_client_request_alive: entering\r\ndebug3: mux_client_request_alive: done pid = 10403\r\ndebug3: mux_client_request_session: session request sent\r\ndebug1: mux_client_request_session: master session id: 2\r\ndebug3: mux_client_read_packet: read header failed: Broken pipe\r\ndebug2: Received exit status from master 0\r\n')
<ubuntu1> Attempting python interpreter discovery
<localhost> ESTABLISH SSH CONNECTION FOR USER: root
<localhost> SSH: EXEC ssh -vvv -C -o ControlMaster=auto -o ControlPersist=60s -o Port=2001 -o 'IdentityFile="/root/.ssh/id_rsa"' -o KbdInteractiveAuthentication=no -o PreferredAuthentications=gssapi-with-mic,gssapi-keyex,hostbased,publickey -o PasswordAuthentication=no -o 'User="root"' -o ConnectTimeout=10 -o ControlPath=/root/.ansible/cp/69ebd5c64d localhost '/bin/sh -c '"'"'echo PLATFORM; uname; echo FOUND; command -v '"'"'"'"'"'"'"'"'/usr/bin/python'"'"'"'"'"'"'"'"'; command -v '"'"'"'"'"'"'"'"'python3.7'"'"'"'"'"'"'"'"'; command -v '"'"'"'"'"'"'"'"'python3.6'"'"'"'"'"'"'"'"'; command -v '"'"'"'"'"'"'"'"'python3.5'"'"'"'"'"'"'"'"'; command -v '"'"'"'"'"'"'"'"'python2.7'"'"'"'"'"'"'"'"'; command -v '"'"'"'"'"'"'"'"'python2.6'"'"'"'"'"'"'"'"'; command -v '"'"'"'"'"'"'"'"'/usr/libexec/platform-python'"'"'"'"'"'"'"'"'; command -v '"'"'"'"'"'"'"'"'/usr/bin/python3'"'"'"'"'"'"'"'"'; command -v '"'"'"'"'"'"'"'"'python'"'"'"'"'"'"'"'"'; echo ENDFOUND && sleep 0'"'"''
<localhost> (0, b'PLATFORM\nLinux\nFOUND\n/usr/bin/python3.5\n/usr/bin/python3\nENDFOUND\n', b'OpenSSH_7.4p1, OpenSSL 1.0.2k-fips  26 Jan 2017\r\ndebug1: Reading configuration data /etc/ssh/ssh_config\r\ndebug1: /etc/ssh/ssh_config line 58: Applying options for *\r\ndebug1: auto-mux: Trying existing master\r\ndebug2: fd 3 setting O_NONBLOCK\r\ndebug2: mux_client_hello_exchange: master version 4\r\ndebug3: mux_client_forwards: request forwardings: 0 local, 0 remote\r\ndebug3: mux_client_request_session: entering\r\ndebug3: mux_client_request_alive: entering\r\ndebug3: mux_client_request_alive: done pid = 10403\r\ndebug3: mux_client_request_session: session request sent\r\ndebug1: mux_client_request_session: master session id: 2\r\ndebug3: mux_client_read_packet: read header failed: Broken pipe\r\ndebug2: Received exit status from master 0\r\n')
<localhost> ESTABLISH SSH CONNECTION FOR USER: root
<localhost> SSH: EXEC ssh -vvv -C -o ControlMaster=auto -o ControlPersist=60s -o Port=2001 -o 'IdentityFile="/root/.ssh/id_rsa"' -o KbdInteractiveAuthentication=no -o PreferredAuthentications=gssapi-with-mic,gssapi-keyex,hostbased,publickey -o PasswordAuthentication=no -o 'User="root"' -o ConnectTimeout=10 -o ControlPath=/root/.ansible/cp/69ebd5c64d localhost '/bin/sh -c '"'"'/usr/bin/python3.5 && sleep 0'"'"''
<localhost> (0, b'{"osrelease_content": "NAME=\\"Ubuntu\\"\\nVERSION=\\"16.04.7 LTS (Xenial Xerus)\\"\\nID=ubuntu\\nID_LIKE=debian\\nPRETTY_NAME=\\"Ubuntu 16.04.7 LTS\\"\\nVERSION_ID=\\"16.04\\"\\nHOME_URL=\\"http://www.ubuntu.com/\\"\\nSUPPORT_URL=\\"http://help.ubuntu.com/\\"\\nBUG_REPORT_URL=\\"http://bugs.launchpad.net/ubuntu/\\"\\nVERSION_CODENAME=xenial\\nUBUNTU_CODENAME=xenial\\n", "platform_dist_result": ["Ubuntu", "16.04", "xenial"]}\n', b'OpenSSH_7.4p1, OpenSSL 1.0.2k-fips  26 Jan 2017\r\ndebug1: Reading configuration data /etc/ssh/ssh_config\r\ndebug1: /etc/ssh/ssh_config line 58: Applying options for *\r\ndebug1: auto-mux: Trying existing master\r\ndebug2: fd 3 setting O_NONBLOCK\r\ndebug2: mux_client_hello_exchange: master version 4\r\ndebug3: mux_client_forwards: request forwardings: 0 local, 0 remote\r\ndebug3: mux_client_request_session: entering\r\ndebug3: mux_client_request_alive: entering\r\ndebug3: mux_client_request_alive: done pid = 10403\r\ndebug3: mux_client_request_session: session request sent\r\ndebug1: mux_client_request_session: master session id: 2\r\ndebug3: mux_client_read_packet: read header failed: Broken pipe\r\ndebug2: Received exit status from master 0\r\n')
Using module file /usr/local/lib/python3.6/site-packages/ansible/modules/ping.py
<localhost> PUT /root/.ansible/tmp/ansible-local-10545nk71vi_e/tmpa08m6idg TO /root/.ansible/tmp/ansible-tmp-1621425775.1453109-10550-246098646878620/AnsiballZ_ping.py
<localhost> SSH: EXEC sftp -b - -vvv -C -o ControlMaster=auto -o ControlPersist=60s -o Port=2001 -o 'IdentityFile="/root/.ssh/id_rsa"' -o KbdInteractiveAuthentication=no -o PreferredAuthentications=gssapi-with-mic,gssapi-keyex,hostbased,publickey -o PasswordAuthentication=no -o 'User="root"' -o ConnectTimeout=10 -o ControlPath=/root/.ansible/cp/69ebd5c64d '[localhost]'
<localhost> (0, b'sftp> put /root/.ansible/tmp/ansible-local-10545nk71vi_e/tmpa08m6idg /root/.ansible/tmp/ansible-tmp-1621425775.1453109-10550-246098646878620/AnsiballZ_ping.py\n', b'OpenSSH_7.4p1, OpenSSL 1.0.2k-fips  26 Jan 2017\r\ndebug1: Reading configuration data /etc/ssh/ssh_config\r\ndebug1: /etc/ssh/ssh_config line 58: Applying options for *\r\ndebug1: auto-mux: Trying existing master\r\ndebug2: fd 3 setting O_NONBLOCK\r\ndebug2: mux_client_hello_exchange: master version 4\r\ndebug3: mux_client_forwards: request forwardings: 0 local, 0 remote\r\ndebug3: mux_client_request_session: entering\r\ndebug3: mux_client_request_alive: entering\r\ndebug3: mux_client_request_alive: done pid = 10403\r\ndebug3: mux_client_request_session: session request sent\r\ndebug1: mux_client_request_session: master session id: 2\r\ndebug2: Remote version: 3\r\ndebug2: Server supports extension "posix-rename@openssh.com" revision 1\r\ndebug2: Server supports extension "statvfs@openssh.com" revision 2\r\ndebug2: Server supports extension "fstatvfs@openssh.com" revision 2\r\ndebug2: Server supports extension "hardlink@openssh.com" revision 1\r\ndebug2: Server supports extension "fsync@openssh.com" revision 1\r\ndebug3: Sent message fd 3 T:16 I:1\r\ndebug3: SSH_FXP_REALPATH . -> /root size 0\r\ndebug3: Looking up /root/.ansible/tmp/ansible-local-10545nk71vi_e/tmpa08m6idg\r\ndebug3: Sent message fd 3 T:17 I:2\r\ndebug3: Received stat reply T:101 I:2\r\ndebug1: Couldn\'t stat remote file: No such file or directory\r\ndebug3: Sent message SSH2_FXP_OPEN I:3 P:/root/.ansible/tmp/ansible-tmp-1621425775.1453109-10550-246098646878620/AnsiballZ_ping.py\r\ndebug3: Sent message SSH2_FXP_WRITE I:4 O:0 S:32768\r\ndebug3: SSH2_FXP_STATUS 0\r\ndebug3: In write loop, ack for 4 32768 bytes at 0\r\ndebug3: Sent message SSH2_FXP_WRITE I:5 O:32768 S:32768\r\ndebug3: Sent message SSH2_FXP_WRITE I:6 O:65536 S:32768\r\ndebug3: Sent message SSH2_FXP_WRITE I:7 O:98304 S:16635\r\ndebug3: SSH2_FXP_STATUS 0\r\ndebug3: In write loop, ack for 5 32768 bytes at 32768\r\ndebug3: SSH2_FXP_STATUS 0\r\ndebug3: In write loop, ack for 6 32768 bytes at 65536\r\ndebug3: SSH2_FXP_STATUS 0\r\ndebug3: In write loop, ack for 7 16635 bytes at 98304\r\ndebug3: Sent message SSH2_FXP_CLOSE I:4\r\ndebug3: SSH2_FXP_STATUS 0\r\ndebug3: mux_client_read_packet: read header failed: Broken pipe\r\ndebug2: Received exit status from master 0\r\n')
<localhost> ESTABLISH SSH CONNECTION FOR USER: root
<localhost> SSH: EXEC ssh -vvv -C -o ControlMaster=auto -o ControlPersist=60s -o Port=2001 -o 'IdentityFile="/root/.ssh/id_rsa"' -o KbdInteractiveAuthentication=no -o PreferredAuthentications=gssapi-with-mic,gssapi-keyex,hostbased,publickey -o PasswordAuthentication=no -o 'User="root"' -o ConnectTimeout=10 -o ControlPath=/root/.ansible/cp/69ebd5c64d localhost '/bin/sh -c '"'"'chmod u+x /root/.ansible/tmp/ansible-tmp-1621425775.1453109-10550-246098646878620/ /root/.ansible/tmp/ansible-tmp-1621425775.1453109-10550-246098646878620/AnsiballZ_ping.py && sleep 0'"'"''
<localhost> (0, b'', b'OpenSSH_7.4p1, OpenSSL 1.0.2k-fips  26 Jan 2017\r\ndebug1: Reading configuration data /etc/ssh/ssh_config\r\ndebug1: /etc/ssh/ssh_config line 58: Applying options for *\r\ndebug1: auto-mux: Trying existing master\r\ndebug2: fd 3 setting O_NONBLOCK\r\ndebug2: mux_client_hello_exchange: master version 4\r\ndebug3: mux_client_forwards: request forwardings: 0 local, 0 remote\r\ndebug3: mux_client_request_session: entering\r\ndebug3: mux_client_request_alive: entering\r\ndebug3: mux_client_request_alive: done pid = 10403\r\ndebug3: mux_client_request_session: session request sent\r\ndebug1: mux_client_request_session: master session id: 2\r\ndebug3: mux_client_read_packet: read header failed: Broken pipe\r\ndebug2: Received exit status from master 0\r\n')
<localhost> ESTABLISH SSH CONNECTION FOR USER: root
<localhost> SSH: EXEC ssh -vvv -C -o ControlMaster=auto -o ControlPersist=60s -o Port=2001 -o 'IdentityFile="/root/.ssh/id_rsa"' -o KbdInteractiveAuthentication=no -o PreferredAuthentications=gssapi-with-mic,gssapi-keyex,hostbased,publickey -o PasswordAuthentication=no -o 'User="root"' -o ConnectTimeout=10 -o ControlPath=/root/.ansible/cp/69ebd5c64d -tt localhost '/bin/sh -c '"'"'/usr/bin/python3 /root/.ansible/tmp/ansible-tmp-1621425775.1453109-10550-246098646878620/AnsiballZ_ping.py && sleep 0'"'"''
<localhost> (0, b'\r\n{"ping": "pong", "invocation": {"module_args": {"data": "pong"}}}\r\n', b'OpenSSH_7.4p1, OpenSSL 1.0.2k-fips  26 Jan 2017\r\ndebug1: Reading configuration data /etc/ssh/ssh_config\r\ndebug1: /etc/ssh/ssh_config line 58: Applying options for *\r\ndebug1: auto-mux: Trying existing master\r\ndebug2: fd 3 setting O_NONBLOCK\r\ndebug2: mux_client_hello_exchange: master version 4\r\ndebug3: mux_client_forwards: request forwardings: 0 local, 0 remote\r\ndebug3: mux_client_request_session: entering\r\ndebug3: mux_client_request_alive: entering\r\ndebug3: mux_client_request_alive: done pid = 10403\r\ndebug3: mux_client_request_session: session request sent\r\ndebug1: mux_client_request_session: master session id: 2\r\ndebug3: mux_client_read_packet: read header failed: Broken pipe\r\ndebug2: Received exit status from master 0\r\nShared connection to localhost closed.\r\n')
<localhost> ESTABLISH SSH CONNECTION FOR USER: root
<localhost> SSH: EXEC ssh -vvv -C -o ControlMaster=auto -o ControlPersist=60s -o Port=2001 -o 'IdentityFile="/root/.ssh/id_rsa"' -o KbdInteractiveAuthentication=no -o PreferredAuthentications=gssapi-with-mic,gssapi-keyex,hostbased,publickey -o PasswordAuthentication=no -o 'User="root"' -o ConnectTimeout=10 -o ControlPath=/root/.ansible/cp/69ebd5c64d localhost '/bin/sh -c '"'"'rm -f -r /root/.ansible/tmp/ansible-tmp-1621425775.1453109-10550-246098646878620/ > /dev/null 2>&1 && sleep 0'"'"''
<localhost> (0, b'', b'OpenSSH_7.4p1, OpenSSL 1.0.2k-fips  26 Jan 2017\r\ndebug1: Reading configuration data /etc/ssh/ssh_config\r\ndebug1: /etc/ssh/ssh_config line 58: Applying options for *\r\ndebug1: auto-mux: Trying existing master\r\ndebug2: fd 3 setting O_NONBLOCK\r\ndebug2: mux_client_hello_exchange: master version 4\r\ndebug3: mux_client_forwards: request forwardings: 0 local, 0 remote\r\ndebug3: mux_client_request_session: entering\r\ndebug3: mux_client_request_alive: entering\r\ndebug3: mux_client_request_alive: done pid = 10403\r\ndebug3: mux_client_request_session: session request sent\r\ndebug1: mux_client_request_session: master session id: 2\r\ndebug3: mux_client_read_packet: read header failed: Broken pipe\r\ndebug2: Received exit status from master 0\r\n')
ubuntu1 | SUCCESS => {
    "ansible_facts": {
        "discovered_interpreter_python": "/usr/bin/python3"
    },
    "changed": false,
    "invocation": {
        "module_args": {
            "data": "pong"
        }
    },
    "ping": "pong"
}
META: ran handlers
META: ran handlers
